<?xml version="1.0" encoding="UTF-8"?>
<robot generator="Robot 4.1.2 (Python 3.8.10 on linux)" generated="20211217 04:22:02.230" rpa="false" schemaversion="2">
<suite id="s1" name="Test" source="/home/meng/PycharmProjects/pythonProject/test.robot">
<test id="s1-t1" name="Open Deriv">
<kw name="Login" library="common">
<arg>${my_email}</arg>
<arg>${my_pw}</arg>
<kw name="Open Browser" library="SeleniumLibrary">
<arg>url=https://app.deriv.com</arg>
<arg>browser=chrome</arg>
<doc>Opens a new browser instance to the optional ``url``.</doc>
<msg timestamp="20211217 04:22:02.316" level="INFO">Opening browser 'chrome' to base url 'https://app.deriv.com'.</msg>
<status status="PASS" starttime="20211217 04:22:02.316" endtime="20211217 04:22:15.584"/>
</kw>
<kw name="Set Window Size" library="SeleniumLibrary">
<arg>1920</arg>
<arg>1080</arg>
<doc>Sets current windows size to given ``width`` and ``height``.</doc>
<status status="PASS" starttime="20211217 04:22:15.584" endtime="20211217 04:22:15.727"/>
</kw>
<kw name="Wait Until Page Contains Element" library="SeleniumLibrary">
<arg>${login_btn}</arg>
<arg>60</arg>
<doc>Waits until the element ``locator`` appears on the current page.</doc>
<status status="PASS" starttime="20211217 04:22:15.727" endtime="20211217 04:22:15.767"/>
</kw>
<kw name="Click Element" library="SeleniumLibrary">
<arg>${login_btn}</arg>
<doc>Click the element identified by ``locator``.</doc>
<msg timestamp="20211217 04:22:15.768" level="INFO">Clicking element 'dt_login_button'.</msg>
<status status="PASS" starttime="20211217 04:22:15.767" endtime="20211217 04:22:15.819"/>
</kw>
<kw name="Wait Until Page Contains Element" library="SeleniumLibrary">
<arg>${email_field}</arg>
<arg>15</arg>
<doc>Waits until the element ``locator`` appears on the current page.</doc>
<status status="PASS" starttime="20211217 04:22:15.819" endtime="20211217 04:22:18.404"/>
</kw>
<kw name="Input Text" library="SeleniumLibrary">
<arg>${email_field}</arg>
<arg>${email}</arg>
<doc>Types the given ``text`` into the text field identified by ``locator``.</doc>
<msg timestamp="20211217 04:22:18.404" level="INFO">Typing text 'meng@besquare.com.my' into text field 'name=email'.</msg>
<status status="PASS" starttime="20211217 04:22:18.404" endtime="20211217 04:22:18.450"/>
</kw>
<kw name="Input Text" library="SeleniumLibrary">
<arg>${pw_field}</arg>
<arg>${pw}</arg>
<doc>Types the given ``text`` into the text field identified by ``locator``.</doc>
<msg timestamp="20211217 04:22:18.451" level="INFO">Typing text 'Bencheong98' into text field '//*[@type="password"]'.</msg>
<status status="PASS" starttime="20211217 04:22:18.451" endtime="20211217 04:22:18.501"/>
</kw>
<kw name="Click Element" library="SeleniumLibrary">
<arg>${login_oauth_btn}</arg>
<doc>Click the element identified by ``locator``.</doc>
<msg timestamp="20211217 04:22:18.502" level="INFO">Clicking element '//*[text()="Log in"]'.</msg>
<status status="PASS" starttime="20211217 04:22:18.501" endtime="20211217 04:22:24.834"/>
</kw>
<status status="PASS" starttime="20211217 04:22:02.316" endtime="20211217 04:22:24.834"/>
</kw>
<status status="PASS" starttime="20211217 04:22:02.316" endtime="20211217 04:22:24.835"/>
</test>
<test id="s1-t2" name="Check Account">
<kw name="Check Account Status" library="common">
<kw name="Wait Until Page Does Not Contain Element" library="SeleniumLibrary">
<arg>${header_preloader}</arg>
<arg>60</arg>
<doc>Waits until the element ``locator`` disappears from the current page.</doc>
<status status="PASS" starttime="20211217 04:22:24.836" endtime="20211217 04:22:24.849"/>
</kw>
<kw name="Wait Until Page Contains Element" library="SeleniumLibrary">
<arg>${check_acc_status}</arg>
<arg>60</arg>
<doc>Waits until the element ``locator`` appears on the current page.</doc>
<status status="PASS" starttime="20211217 04:22:24.849" endtime="20211217 04:22:24.861"/>
</kw>
<kw name="Click Element" library="SeleniumLibrary">
<arg>${check_acc_status}</arg>
<doc>Click the element identified by ``locator``.</doc>
<msg timestamp="20211217 04:22:24.861" level="INFO">Clicking element 'dt_core_account-info_acc-info'.</msg>
<status status="PASS" starttime="20211217 04:22:24.861" endtime="20211217 04:22:24.950"/>
</kw>
<kw name="Click Element" library="SeleniumLibrary">
<arg>${demo_acc_tab}</arg>
<doc>Click the element identified by ``locator``.</doc>
<msg timestamp="20211217 04:22:24.951" level="INFO">Clicking element 'id=dt_core_account-switcher_demo-tab'.</msg>
<status status="PASS" starttime="20211217 04:22:24.951" endtime="20211217 04:22:25.038"/>
</kw>
<kw name="Click Element" library="SeleniumLibrary">
<arg>${select_demo}</arg>
<doc>Click the element identified by ``locator``.</doc>
<msg timestamp="20211217 04:22:25.039" level="INFO">Clicking element 'id=dt_VRTC4794148'.</msg>
<status status="PASS" starttime="20211217 04:22:25.039" endtime="20211217 04:22:25.192"/>
</kw>
<status status="PASS" starttime="20211217 04:22:24.836" endtime="20211217 04:22:25.192"/>
</kw>
<status status="PASS" starttime="20211217 04:22:24.835" endtime="20211217 04:22:25.192"/>
</test>
<test id="s1-t3" name="Multiplier Contract">
<kw name="Underlying" library="common">
<kw name="Reload Page" library="SeleniumLibrary">
<doc>Simulates user reloading page.</doc>
<status status="PASS" starttime="20211217 04:22:25.193" endtime="20211217 04:22:25.224"/>
</kw>
<kw name="Wait Until Page Does Not Contain Element" library="SeleniumLibrary">
<arg>//*[@class="chart-container__loader"]</arg>
<arg>60</arg>
<doc>Waits until the element ``locator`` disappears from the current page.</doc>
<status status="PASS" starttime="20211217 04:22:25.225" endtime="20211217 04:22:29.772"/>
</kw>
<kw name="Wait Until Page Contains Element" library="SeleniumLibrary">
<arg>${volatility}</arg>
<arg>60</arg>
<doc>Waits until the element ``locator`` appears on the current page.</doc>
<status status="PASS" starttime="20211217 04:22:29.773" endtime="20211217 04:22:29.786"/>
</kw>
<kw name="Click Element" library="SeleniumLibrary">
<arg>${volatility}</arg>
<doc>Click the element identified by ``locator``.</doc>
<msg timestamp="20211217 04:22:29.786" level="INFO">Clicking element '//*[@class="cq-symbol-select-btn"]'.</msg>
<status status="PASS" starttime="20211217 04:22:29.786" endtime="20211217 04:22:29.831"/>
</kw>
<kw name="Wait Until Page Contains Element" library="SeleniumLibrary">
<arg>//*[@class="sc-mcd "]</arg>
<doc>Waits until the element ``locator`` appears on the current page.</doc>
<status status="PASS" starttime="20211217 04:22:29.832" endtime="20211217 04:22:29.841"/>
</kw>
<status status="PASS" starttime="20211217 04:22:25.193" endtime="20211217 04:22:29.841"/>
</kw>
<kw name="Multiplier Contract" library="common">
<kw name="Click Element" library="SeleniumLibrary">
<arg>//*[text()="Synthetic Indices" and contains(@class, "sc-mcd__filter__item")]</arg>
<doc>Click the element identified by ``locator``.</doc>
<msg timestamp="20211217 04:22:29.842" level="INFO">Clicking element '//*[text()="Synthetic Indices" and contains(@class, "sc-mcd__filter__item")]'.</msg>
<status status="PASS" starttime="20211217 04:22:29.842" endtime="20211217 04:22:30.185"/>
</kw>
<kw name="Click Element" library="SeleniumLibrary">
<arg>//*[@class="sc-mcd__item sc-mcd__item--R_50 "]</arg>
<doc>Click the element identified by ``locator``.</doc>
<msg timestamp="20211217 04:22:30.186" level="INFO">Clicking element '//*[@class="sc-mcd__item sc-mcd__item--R_50 "]'.</msg>
<status status="PASS" starttime="20211217 04:22:30.185" endtime="20211217 04:22:30.278"/>
</kw>
<kw name="Wait Until Page Contains Element" library="SeleniumLibrary">
<arg>${contract_dropdown}</arg>
<arg>60</arg>
<doc>Waits until the element ``locator`` appears on the current page.</doc>
<status status="PASS" starttime="20211217 04:22:30.278" endtime="20211217 04:22:30.799"/>
</kw>
<kw name="Click Element" library="SeleniumLibrary">
<arg>${contract_dropdown}</arg>
<doc>Click the element identified by ``locator``.</doc>
<msg timestamp="20211217 04:22:30.799" level="INFO">Clicking element 'dt_contract_dropdown'.</msg>
<status status="PASS" starttime="20211217 04:22:30.799" endtime="20211217 04:22:30.847"/>
</kw>
<kw name="Click Element" library="SeleniumLibrary">
<arg>dt_contract_multiplier_item</arg>
<doc>Click the element identified by ``locator``.</doc>
<msg timestamp="20211217 04:22:30.848" level="INFO">Clicking element 'dt_contract_multiplier_item'.</msg>
<status status="PASS" starttime="20211217 04:22:30.848" endtime="20211217 04:22:31.067"/>
</kw>
<status status="PASS" starttime="20211217 04:22:29.842" endtime="20211217 04:22:31.068"/>
</kw>
<kw name="Multiplier Contract (a)" library="common">
<kw name="Wait Until Page Contains Element" library="SeleniumLibrary">
<arg>//*[text()="Stake" and contains(@class, "trade-container__fieldset-info trade-container__fieldset-info--left")]</arg>
<arg>60</arg>
<doc>Waits until the element ``locator`` appears on the current page.</doc>
<status status="PASS" starttime="20211217 04:22:31.069" endtime="20211217 04:22:31.268"/>
</kw>
<kw name="Page Should Contain Element" library="SeleniumLibrary">
<arg>//*[text()="Stake" and contains(@class, "trade-container__fieldset-info trade-container__fieldset-info--left")]</arg>
<doc>Verifies that element ``locator`` is found on the current page.</doc>
<msg timestamp="20211217 04:22:31.294" level="INFO">Current page contains element '//*[text()="Stake" and contains(@class, "trade-container__fieldset-info trade-container__fieldset-info--left")]'.</msg>
<status status="PASS" starttime="20211217 04:22:31.268" endtime="20211217 04:22:31.294"/>
</kw>
<kw name="Page Should Not Contain Element" library="SeleniumLibrary">
<arg>//*[text()="Payout" and contains(@class, "trade-container__fieldset-info trade-container__fieldset-info--left")]</arg>
<doc>Verifies that element ``locator`` is not found on the current page.</doc>
<msg timestamp="20211217 04:22:31.317" level="INFO">Current page does not contain element '//*[text()="Payout" and contains(@class, "trade-container__fieldset-info trade-container__fieldset-info--left")]'.</msg>
<status status="PASS" starttime="20211217 04:22:31.295" endtime="20211217 04:22:31.317"/>
</kw>
<status status="PASS" starttime="20211217 04:22:31.068" endtime="20211217 04:22:31.317"/>
</kw>
<kw name="Multiplier Contract (b)" library="common">
<kw name="Wait Until Element Is Enabled" library="SeleniumLibrary">
<arg>dt_purchase_multup_button</arg>
<arg>60</arg>
<doc>Waits until the element ``locator`` is enabled.</doc>
<status status="PASS" starttime="20211217 04:22:31.317" endtime="20211217 04:22:32.017"/>
</kw>
<kw name="Click Element" library="SeleniumLibrary">
<arg>//*[@class="dc-checkbox take_profit-checkbox__input"]</arg>
<doc>Click the element identified by ``locator``.</doc>
<msg timestamp="20211217 04:22:32.018" level="INFO">Clicking element '//*[@class="dc-checkbox take_profit-checkbox__input"]'.</msg>
<status status="PASS" starttime="20211217 04:22:32.018" endtime="20211217 04:22:32.083"/>
</kw>
<kw name="Click Element" library="SeleniumLibrary">
<arg>//*[@class="dc-checkbox stop_loss-checkbox__input"]</arg>
<doc>Click the element identified by ``locator``.</doc>
<msg timestamp="20211217 04:22:32.084" level="INFO">Clicking element '//*[@class="dc-checkbox stop_loss-checkbox__input"]'.</msg>
<status status="PASS" starttime="20211217 04:22:32.083" endtime="20211217 04:22:32.156"/>
</kw>
<kw name="Checkbox Should Be Selected" library="SeleniumLibrary">
<arg>dc_take_profit-checkbox_input</arg>
<doc>Verifies checkbox ``locator`` is selected/checked.</doc>
<msg timestamp="20211217 04:22:32.156" level="INFO">Verifying checkbox 'dc_take_profit-checkbox_input' is selected.</msg>
<status status="PASS" starttime="20211217 04:22:32.156" endtime="20211217 04:22:32.180"/>
</kw>
<kw name="Checkbox Should Be Selected" library="SeleniumLibrary">
<arg>dc_stop_loss-checkbox_input</arg>
<doc>Verifies checkbox ``locator`` is selected/checked.</doc>
<msg timestamp="20211217 04:22:32.180" level="INFO">Verifying checkbox 'dc_stop_loss-checkbox_input' is selected.</msg>
<status status="PASS" starttime="20211217 04:22:32.180" endtime="20211217 04:22:32.197"/>
</kw>
<kw name="Checkbox Should Not Be Selected" library="SeleniumLibrary">
<arg>dt_cancellation-checkbox_input</arg>
<doc>Verifies checkbox ``locator`` is not selected/checked.</doc>
<msg timestamp="20211217 04:22:32.198" level="INFO">Verifying checkbox 'dt_cancellation-checkbox_input' is not selected.</msg>
<status status="PASS" starttime="20211217 04:22:32.197" endtime="20211217 04:22:32.217"/>
</kw>
<kw name="Click Element" library="SeleniumLibrary">
<arg>//*[@class="dc-checkbox"]</arg>
<doc>Click the element identified by ``locator``.</doc>
<msg timestamp="20211217 04:22:32.217" level="INFO">Clicking element '//*[@class="dc-checkbox"]'.</msg>
<status status="PASS" starttime="20211217 04:22:32.217" endtime="20211217 04:22:32.285"/>
</kw>
<kw name="Checkbox Should Be Selected" library="SeleniumLibrary">
<arg>dt_cancellation-checkbox_input</arg>
<doc>Verifies checkbox ``locator`` is selected/checked.</doc>
<msg timestamp="20211217 04:22:32.286" level="INFO">Verifying checkbox 'dt_cancellation-checkbox_input' is selected.</msg>
<status status="PASS" starttime="20211217 04:22:32.285" endtime="20211217 04:22:32.299"/>
</kw>
<kw name="Page Should Not Contain" library="SeleniumLibrary">
<arg>//*[@class="dc_stop_loss-checkbox_input" and @checked]//parent::label</arg>
<doc>Verifies the current page does not contain ``text``.</doc>
<msg timestamp="20211217 04:22:32.397" level="INFO">Current page does not contain text '//*[@class="dc_stop_loss-checkbox_input" and @checked]//parent::label'.</msg>
<status status="PASS" starttime="20211217 04:22:32.300" endtime="20211217 04:22:32.397"/>
</kw>
<kw name="Page Should Not Contain" library="SeleniumLibrary">
<arg>//*[@class="dc_take_profit-checkbox_input" and @checked]//parent::label</arg>
<doc>Verifies the current page does not contain ``text``.</doc>
<msg timestamp="20211217 04:22:32.472" level="INFO">Current page does not contain text '//*[@class="dc_take_profit-checkbox_input" and @checked]//parent::label'.</msg>
<status status="PASS" starttime="20211217 04:22:32.397" endtime="20211217 04:22:32.472"/>
</kw>
<status status="PASS" starttime="20211217 04:22:31.317" endtime="20211217 04:22:32.472"/>
</kw>
<kw name="Multiplier Contract (c)" library="common">
<kw name="Wait Until Page Contains Element" library="SeleniumLibrary">
<arg>//*[@name="multiplier" and contains (@class, "dc-text dc-dropdown__display-text")]</arg>
<doc>Waits until the element ``locator`` appears on the current page.</doc>
<status status="PASS" starttime="20211217 04:22:32.473" endtime="20211217 04:22:32.484"/>
</kw>
<kw name="Click Element" library="SeleniumLibrary">
<arg>//*[@name="multiplier" and contains (@class, "dc-text dc-dropdown__display-text")]</arg>
<doc>Click the element identified by ``locator``.</doc>
<msg timestamp="20211217 04:22:32.485" level="INFO">Clicking element '//*[@name="multiplier" and contains (@class, "dc-text dc-dropdown__display-text")]'.</msg>
<status status="PASS" starttime="20211217 04:22:32.484" endtime="20211217 04:22:32.523"/>
</kw>
<kw name="Page Should Contain Element" library="SeleniumLibrary">
<arg>//*[@value="20"]</arg>
<doc>Verifies that element ``locator`` is found on the current page.</doc>
<msg timestamp="20211217 04:22:32.533" level="INFO">Current page contains element '//*[@value="20"]'.</msg>
<status status="PASS" starttime="20211217 04:22:32.523" endtime="20211217 04:22:32.533"/>
</kw>
<kw name="Page Should Contain Element" library="SeleniumLibrary">
<arg>//*[@value="40"]</arg>
<doc>Verifies that element ``locator`` is found on the current page.</doc>
<msg timestamp="20211217 04:22:32.543" level="INFO">Current page contains element '//*[@value="40"]'.</msg>
<status status="PASS" starttime="20211217 04:22:32.533" endtime="20211217 04:22:32.543"/>
</kw>
<kw name="Page Should Contain Element" library="SeleniumLibrary">
<arg>//*[@value="60"]</arg>
<doc>Verifies that element ``locator`` is found on the current page.</doc>
<msg timestamp="20211217 04:22:32.551" level="INFO">Current page contains element '//*[@value="60"]'.</msg>
<status status="PASS" starttime="20211217 04:22:32.543" endtime="20211217 04:22:32.551"/>
</kw>
<kw name="Page Should Contain Element" library="SeleniumLibrary">
<arg>//*[@value="100"]</arg>
<doc>Verifies that element ``locator`` is found on the current page.</doc>
<msg timestamp="20211217 04:22:32.562" level="INFO">Current page contains element '//*[@value="100"]'.</msg>
<status status="PASS" starttime="20211217 04:22:32.552" endtime="20211217 04:22:32.562"/>
</kw>
<kw name="Page Should Contain Element" library="SeleniumLibrary">
<arg>//*[@value="200"]</arg>
<doc>Verifies that element ``locator`` is found on the current page.</doc>
<msg timestamp="20211217 04:22:32.571" level="INFO">Current page contains element '//*[@value="200"]'.</msg>
<status status="PASS" starttime="20211217 04:22:32.562" endtime="20211217 04:22:32.571"/>
</kw>
<status status="PASS" starttime="20211217 04:22:32.472" endtime="20211217 04:22:32.571"/>
</kw>
<kw name="Multiplier Contract (e)" library="common">
<kw name="Click Element" library="SeleniumLibrary">
<arg>${stake_amount_input}</arg>
<doc>Click the element identified by ``locator``.</doc>
<msg timestamp="20211217 04:22:32.572" level="INFO">Clicking element '//*[@id="dt_amount_input"]'.</msg>
<status status="PASS" starttime="20211217 04:22:32.572" endtime="20211217 04:22:32.623"/>
</kw>
<kw name="Press Keys" library="SeleniumLibrary">
<arg>${stake_amount_input}</arg>
<arg>CTRL+A</arg>
<arg>DELETE</arg>
<doc>Simulates the user pressing key(s) to an element or on the active browser.</doc>
<msg timestamp="20211217 04:22:32.625" level="INFO">Sending key(s) ('CTRL+A', 'DELETE') to //*[@id="dt_amount_input"] element.</msg>
<msg timestamp="20211217 04:22:32.898" level="INFO">Pressing special key CONTROL down.</msg>
<msg timestamp="20211217 04:22:32.898" level="INFO">Sending key A</msg>
<msg timestamp="20211217 04:22:32.898" level="INFO">Releasing special key CONTROL.</msg>
<msg timestamp="20211217 04:22:32.913" level="INFO">Pressing special key DELETE to element.</msg>
<msg timestamp="20211217 04:22:32.913" level="INFO">Releasing special key DELETE.</msg>
<status status="PASS" starttime="20211217 04:22:32.624" endtime="20211217 04:22:32.945"/>
</kw>
<kw name="Input Text" library="SeleniumLibrary">
<arg>${stake_amount_input}</arg>
<arg>2001</arg>
<doc>Types the given ``text`` into the text field identified by ``locator``.</doc>
<msg timestamp="20211217 04:22:32.946" level="INFO">Typing text '2001' into text field '//*[@id="dt_amount_input"]'.</msg>
<status status="PASS" starttime="20211217 04:22:32.945" endtime="20211217 04:22:33.047"/>
</kw>
<kw name="Wait Until Page Contains Element" library="SeleniumLibrary">
<arg>//*[text()="Maximum stake allowed is 2000.00." and contains (@class, "dc-text")]</arg>
<doc>Waits until the element ``locator`` appears on the current page.</doc>
<status status="PASS" starttime="20211217 04:22:33.047" endtime="20211217 04:22:34.546"/>
</kw>
<kw name="Page Should Contain Element" library="SeleniumLibrary">
<arg>//*[text()="Maximum stake allowed is 2000.00." and contains (@class, "dc-text")]</arg>
<doc>Verifies that element ``locator`` is found on the current page.</doc>
<msg timestamp="20211217 04:22:34.552" level="INFO">Current page contains element '//*[text()="Maximum stake allowed is 2000.00." and contains (@class, "dc-text")]'.</msg>
<status status="PASS" starttime="20211217 04:22:34.546" endtime="20211217 04:22:34.552"/>
</kw>
<status status="PASS" starttime="20211217 04:22:32.571" endtime="20211217 04:22:34.552"/>
</kw>
<kw name="Multiplier Contract (f)" library="common">
<kw name="Click Element" library="SeleniumLibrary">
<arg>${stake_amount_input}</arg>
<doc>Click the element identified by ``locator``.</doc>
<msg timestamp="20211217 04:22:34.553" level="INFO">Clicking element '//*[@id="dt_amount_input"]'.</msg>
<status status="PASS" starttime="20211217 04:22:34.553" endtime="20211217 04:22:34.584"/>
</kw>
<kw name="Press Keys" library="SeleniumLibrary">
<arg>${stake_amount_input}</arg>
<arg>CTRL+A</arg>
<arg>DELETE</arg>
<doc>Simulates the user pressing key(s) to an element or on the active browser.</doc>
<msg timestamp="20211217 04:22:34.585" level="INFO">Sending key(s) ('CTRL+A', 'DELETE') to //*[@id="dt_amount_input"] element.</msg>
<msg timestamp="20211217 04:22:34.873" level="INFO">Pressing special key CONTROL down.</msg>
<msg timestamp="20211217 04:22:34.873" level="INFO">Sending key A</msg>
<msg timestamp="20211217 04:22:34.873" level="INFO">Releasing special key CONTROL.</msg>
<msg timestamp="20211217 04:22:34.881" level="INFO">Pressing special key DELETE to element.</msg>
<msg timestamp="20211217 04:22:34.881" level="INFO">Releasing special key DELETE.</msg>
<status status="PASS" starttime="20211217 04:22:34.584" endtime="20211217 04:22:34.914"/>
</kw>
<kw name="Input Text" library="SeleniumLibrary">
<arg>${stake_amount_input}</arg>
<arg>0</arg>
<doc>Types the given ``text`` into the text field identified by ``locator``.</doc>
<msg timestamp="20211217 04:22:34.914" level="INFO">Typing text '0' into text field '//*[@id="dt_amount_input"]'.</msg>
<status status="PASS" starttime="20211217 04:22:34.914" endtime="20211217 04:22:35.031"/>
</kw>
<kw name="Wait Until Page Contains Element" library="SeleniumLibrary">
<arg>//*[@class="trade-container__tooltip dc-tooltip dc-tooltip--error"]</arg>
<doc>Waits until the element ``locator`` appears on the current page.</doc>
<status status="PASS" starttime="20211217 04:22:35.031" endtime="20211217 04:22:35.913"/>
</kw>
<kw name="Page Should Contain Element" library="SeleniumLibrary">
<arg>//*[@class="trade-container__tooltip dc-tooltip dc-tooltip--error"]</arg>
<doc>Verifies that element ``locator`` is found on the current page.</doc>
<msg timestamp="20211217 04:22:35.920" level="INFO">Current page contains element '//*[@class="trade-container__tooltip dc-tooltip dc-tooltip--error"]'.</msg>
<status status="PASS" starttime="20211217 04:22:35.913" endtime="20211217 04:22:35.920"/>
</kw>
<status status="PASS" starttime="20211217 04:22:34.552" endtime="20211217 04:22:35.920"/>
</kw>
<kw name="Multiplier Contract (g)" library="common">
<kw name="Click Element" library="SeleniumLibrary">
<arg>//*[@id="dt_amount_input_add"]</arg>
<doc>Click the element identified by ``locator``.</doc>
<msg timestamp="20211217 04:22:35.923" level="INFO">Clicking element '//*[@id="dt_amount_input_add"]'.</msg>
<status status="PASS" starttime="20211217 04:22:35.922" endtime="20211217 04:22:35.971"/>
</kw>
<kw name="Wait Until Page Contains Element" library="SeleniumLibrary">
<arg>//*[@value="1" and contains (@id, "dt_amount_input")]</arg>
<doc>Waits until the element ``locator`` appears on the current page.</doc>
<status status="PASS" starttime="20211217 04:22:35.972" endtime="20211217 04:22:35.982"/>
</kw>
<kw name="Click Element" library="SeleniumLibrary">
<arg>//*[@id="dt_amount_input_add"]</arg>
<doc>Click the element identified by ``locator``.</doc>
<msg timestamp="20211217 04:22:35.982" level="INFO">Clicking element '//*[@id="dt_amount_input_add"]'.</msg>
<status status="PASS" starttime="20211217 04:22:35.982" endtime="20211217 04:22:36.016"/>
</kw>
<kw name="Wait Until Page Contains Element" library="SeleniumLibrary">
<arg>//*[@value="2" and contains (@id, "dt_amount_input")]</arg>
<doc>Waits until the element ``locator`` appears on the current page.</doc>
<status status="PASS" starttime="20211217 04:22:36.016" endtime="20211217 04:22:36.025"/>
</kw>
<kw name="Click Element" library="SeleniumLibrary">
<arg>//*[@id="dt_amount_input_add"]</arg>
<doc>Click the element identified by ``locator``.</doc>
<msg timestamp="20211217 04:22:36.025" level="INFO">Clicking element '//*[@id="dt_amount_input_add"]'.</msg>
<status status="PASS" starttime="20211217 04:22:36.025" endtime="20211217 04:22:36.056"/>
</kw>
<kw name="Wait Until Page Contains Element" library="SeleniumLibrary">
<arg>//*[@value="3" and contains (@id, "dt_amount_input")]</arg>
<doc>Waits until the element ``locator`` appears on the current page.</doc>
<status status="PASS" starttime="20211217 04:22:36.056" endtime="20211217 04:22:36.065"/>
</kw>
<status status="PASS" starttime="20211217 04:22:35.921" endtime="20211217 04:22:36.065"/>
</kw>
<kw name="Multiplier Contract (h)" library="common">
<kw name="Click Element" library="SeleniumLibrary">
<arg>//*[@id="dt_amount_input_sub"]</arg>
<doc>Click the element identified by ``locator``.</doc>
<msg timestamp="20211217 04:22:36.066" level="INFO">Clicking element '//*[@id="dt_amount_input_sub"]'.</msg>
<status status="PASS" starttime="20211217 04:22:36.065" endtime="20211217 04:22:36.116"/>
</kw>
<kw name="Wait Until Page Contains Element" library="SeleniumLibrary">
<arg>//*[@value="2" and contains (@id, "dt_amount_input")]</arg>
<doc>Waits until the element ``locator`` appears on the current page.</doc>
<status status="PASS" starttime="20211217 04:22:36.116" endtime="20211217 04:22:36.123"/>
</kw>
<kw name="Click Element" library="SeleniumLibrary">
<arg>//*[@id="dt_amount_input_sub"]</arg>
<doc>Click the element identified by ``locator``.</doc>
<msg timestamp="20211217 04:22:36.123" level="INFO">Clicking element '//*[@id="dt_amount_input_sub"]'.</msg>
<status status="PASS" starttime="20211217 04:22:36.123" endtime="20211217 04:22:36.153"/>
</kw>
<kw name="Wait Until Page Contains Element" library="SeleniumLibrary">
<arg>//*[@value="1" and contains (@id, "dt_amount_input")]</arg>
<doc>Waits until the element ``locator`` appears on the current page.</doc>
<status status="PASS" starttime="20211217 04:22:36.153" endtime="20211217 04:22:36.161"/>
</kw>
<status status="PASS" starttime="20211217 04:22:36.065" endtime="20211217 04:22:36.161"/>
</kw>
<kw name="Multiplier Contract (i)" library="common">
<kw name="Click Element" library="SeleniumLibrary">
<arg>//*[@name="cancellation_duration" and contains (@class, "dc-text dc-dropdown__display-text")]</arg>
<doc>Click the element identified by ``locator``.</doc>
<msg timestamp="20211217 04:22:36.162" level="INFO">Clicking element '//*[@name="cancellation_duration" and contains (@class, "dc-text dc-dropdown__display-text")]'.</msg>
<status status="PASS" starttime="20211217 04:22:36.161" endtime="20211217 04:22:36.201"/>
</kw>
<kw name="Page Should Contain Element" library="SeleniumLibrary">
<arg>//*[@value="5m"]</arg>
<doc>Verifies that element ``locator`` is found on the current page.</doc>
<msg timestamp="20211217 04:22:36.213" level="INFO">Current page contains element '//*[@value="5m"]'.</msg>
<status status="PASS" starttime="20211217 04:22:36.201" endtime="20211217 04:22:36.213"/>
</kw>
<kw name="Page Should Contain Element" library="SeleniumLibrary">
<arg>//*[@value="10m"]</arg>
<doc>Verifies that element ``locator`` is found on the current page.</doc>
<msg timestamp="20211217 04:22:36.226" level="INFO">Current page contains element '//*[@value="10m"]'.</msg>
<status status="PASS" starttime="20211217 04:22:36.213" endtime="20211217 04:22:36.226"/>
</kw>
<kw name="Page Should Contain Element" library="SeleniumLibrary">
<arg>//*[@value="15m"]</arg>
<doc>Verifies that element ``locator`` is found on the current page.</doc>
<msg timestamp="20211217 04:22:36.237" level="INFO">Current page contains element '//*[@value="15m"]'.</msg>
<status status="PASS" starttime="20211217 04:22:36.226" endtime="20211217 04:22:36.237"/>
</kw>
<kw name="Page Should Contain Element" library="SeleniumLibrary">
<arg>//*[@value="30m"]</arg>
<doc>Verifies that element ``locator`` is found on the current page.</doc>
<msg timestamp="20211217 04:22:36.247" level="INFO">Current page contains element '//*[@value="30m"]'.</msg>
<status status="PASS" starttime="20211217 04:22:36.237" endtime="20211217 04:22:36.247"/>
</kw>
<kw name="Page Should Contain Element" library="SeleniumLibrary">
<arg>//*[@value="60m"]</arg>
<doc>Verifies that element ``locator`` is found on the current page.</doc>
<msg timestamp="20211217 04:22:36.257" level="INFO">Current page contains element '//*[@value="60m"]'.</msg>
<status status="PASS" starttime="20211217 04:22:36.247" endtime="20211217 04:22:36.258"/>
</kw>
<status status="PASS" starttime="20211217 04:22:36.161" endtime="20211217 04:22:36.258"/>
</kw>
<status status="PASS" starttime="20211217 04:22:25.193" endtime="20211217 04:22:36.258"/>
</test>
<status status="PASS" starttime="20211217 04:22:02.231" endtime="20211217 04:22:36.259"/>
</suite>
<statistics>
<total>
<stat pass="3" fail="0" skip="0">All Tests</stat>
</total>
<tag>
</tag>
<suite>
<stat pass="3" fail="0" skip="0" id="s1" name="Test">Test</stat>
</suite>
</statistics>
<errors>
</errors>
</robot>
